# JRE version: OpenJDK Runtime Environment (7.0_79-b14) (build 1.7.0_79-b14)
# Java VM: OpenJDK 64-Bit Server VM (24.79-b02 mixed mode linux-amd64 compressed oops)
Heap
 PSYoungGen      total 107520K, used 10738K [0x00000000eaa80000, 0x00000000f1f80000, 0x0000000100000000)
  eden space 96768K, 0% used [0x00000000eaa80000,0x00000000eaa80000,0x00000000f0900000)
  from space 10752K, 99% used [0x00000000f0900000,0x00000000f137ca88,0x00000000f1380000)
  to   space 9216K, 0% used [0x00000000f1380000,0x00000000f1380000,0x00000000f1c80000)
 ParOldGen       total 32256K, used 31303K [0x00000000c0000000, 0x00000000c1f80000, 0x00000000eaa80000)
  object space 32256K, 97% used [0x00000000c0000000,0x00000000c1e91fc0,0x00000000c1f80000)
 PSPermGen       total 21504K, used 6241K [0x00000000b5a00000, 0x00000000b6f00000, 0x00000000c0000000)
  object space 21504K, 29% used [0x00000000b5a00000,0x00000000b60186f0,0x00000000b6f00000)
GC Heap History (10 events):
Event: 6.150 GC heap after
Heap after GC invocations=2 (full 0):
 PSYoungGen      total 26112K, used 1527K [0x00000000eaa80000, 0x00000000ec580000, 0x0000000100000000)
  eden space 24576K, 0% used [0x00000000eaa80000,0x00000000eaa80000,0x00000000ec280000)
  from space 1536K, 99% used [0x00000000ec400000,0x00000000ec57de20,0x00000000ec580000)
  to   space 1536K, 0% used [0x00000000ec280000,0x00000000ec280000,0x00000000ec400000)
 ParOldGen       total 30208K, used 3741K [0x00000000c0000000, 0x00000000c1d80000, 0x00000000eaa80000)
  object space 30208K, 12% used [0x00000000c0000000,0x00000000c03a75c8,0x00000000c1d80000)
 PSPermGen       total 21504K, used 5958K [0x00000000b5a00000, 0x00000000b6f00000, 0x00000000c0000000)
  object space 21504K, 27% used [0x00000000b5a00000,0x00000000b5fd1928,0x00000000b6f00000)
}
Event: 8.617 GC heap before
{Heap before GC invocations=3 (full 0):
 PSYoungGen      total 26112K, used 26103K [0x00000000eaa80000, 0x00000000ec580000, 0x0000000100000000)
  eden space 24576K, 100% used [0x00000000eaa80000,0x00000000ec280000,0x00000000ec280000)
  from space 1536K, 99% used [0x00000000ec400000,0x00000000ec57de20,0x00000000ec580000)
  to   space 1536K, 0% used [0x00000000ec280000,0x00000000ec280000,0x00000000ec400000)
 ParOldGen       total 30208K, used 3741K [0x00000000c0000000, 0x00000000c1d80000, 0x00000000eaa80000)
  object space 30208K, 12% used [0x00000000c0000000,0x00000000c03a75c8,0x00000000c1d80000)
 PSPermGen       total 21504K, used 6097K [0x00000000b5a00000, 0x00000000b6f00000, 0x00000000c0000000)
  object space 21504K, 28% used [0x00000000b5a00000,0x00000000b5ff47b0,0x00000000b6f00000)
Event: 8.668 GC heap after
Heap after GC invocations=3 (full 0):
 PSYoungGen      total 26112K, used 1512K [0x00000000eaa80000, 0x00000000edd80000, 0x0000000100000000)
  eden space 24576K, 0% used [0x00000000eaa80000,0x00000000eaa80000,0x00000000ec280000)
  from space 1536K, 98% used [0x00000000ec280000,0x00000000ec3fa1b0,0x00000000ec400000)
  to   space 1536K, 0% used [0x00000000edc00000,0x00000000edc00000,0x00000000edd80000)
 ParOldGen       total 30208K, used 8098K [0x00000000c0000000, 0x00000000c1d80000, 0x00000000eaa80000)
  object space 30208K, 26% used [0x00000000c0000000,0x00000000c07e8830,0x00000000c1d80000)
 PSPermGen       total 21504K, used 6097K [0x00000000b5a00000, 0x00000000b6f00000, 0x00000000c0000000)
  object space 21504K, 28% used [0x00000000b5a00000,0x00000000b5ff47b0,0x00000000b6f00000)
}
Event: 11.524 GC heap before
{Heap before GC invocations=4 (full 0):
 PSYoungGen      total 26112K, used 26088K [0x00000000eaa80000, 0x00000000edd80000, 0x0000000100000000)
  eden space 24576K, 100% used [0x00000000eaa80000,0x00000000ec280000,0x00000000ec280000)
  from space 1536K, 98% used [0x00000000ec280000,0x00000000ec3fa1b0,0x00000000ec400000)
  to   space 1536K, 0% used [0x00000000edc00000,0x00000000edc00000,0x00000000edd80000)
 ParOldGen       total 30208K, used 8098K [0x00000000c0000000, 0x00000000c1d80000, 0x00000000eaa80000)
  object space 30208K, 26% used [0x00000000c0000000,0x00000000c07e8830,0x00000000c1d80000)
 PSPermGen       total 21504K, used 6129K [0x00000000b5a00000, 0x00000000b6f00000, 0x00000000c0000000)
  object space 21504K, 28% used [0x00000000b5a00000,0x00000000b5ffc630,0x00000000b6f00000)
Event: 11.629 GC heap after
Heap after GC invocations=4 (full 0):
 PSYoungGen      total 50688K, used 1505K [0x00000000eaa80000, 0x00000000edd80000, 0x0000000100000000)
  eden space 49152K, 0% used [0x00000000eaa80000,0x00000000eaa80000,0x00000000eda80000)
  from space 1536K, 98% used [0x00000000edc00000,0x00000000edd786b8,0x00000000edd80000)
  to   space 1536K, 0% used [0x00000000eda80000,0x00000000eda80000,0x00000000edc00000)
 ParOldGen       total 30208K, used 11883K [0x00000000c0000000, 0x00000000c1d80000, 0x00000000eaa80000)
  object space 30208K, 39% used [0x00000000c0000000,0x00000000c0b9aff0,0x00000000c1d80000)
 PSPermGen       total 21504K, used 6129K [0x00000000b5a00000, 0x00000000b6f00000, 0x00000000c0000000)
  object space 21504K, 28% used [0x00000000b5a00000,0x00000000b5ffc630,0x00000000b6f00000)
}
Event: 17.200 GC heap before
{Heap before GC invocations=5 (full 0):
 PSYoungGen      total 50688K, used 50657K [0x00000000eaa80000, 0x00000000edd80000, 0x0000000100000000)
  eden space 49152K, 100% used [0x00000000eaa80000,0x00000000eda80000,0x00000000eda80000)
  from space 1536K, 98% used [0x00000000edc00000,0x00000000edd786b8,0x00000000edd80000)
  to   space 1536K, 0% used [0x00000000eda80000,0x00000000eda80000,0x00000000edc00000)
 ParOldGen       total 30208K, used 11883K [0x00000000c0000000, 0x00000000c1d80000, 0x00000000eaa80000)
  object space 30208K, 39% used [0x00000000c0000000,0x00000000c0b9aff0,0x00000000c1d80000)
 PSPermGen       total 21504K, used 6167K [0x00000000b5a00000, 0x00000000b6f00000, 0x00000000c0000000)
  object space 21504K, 28% used [0x00000000b5a00000,0x00000000b6005cb0,0x00000000b6f00000)
Event: 17.318 GC heap after
Heap after GC invocations=5 (full 0):
 PSYoungGen      total 50688K, used 1523K [0x00000000eaa80000, 0x00000000f1c80000, 0x0000000100000000)
  eden space 49152K, 0% used [0x00000000eaa80000,0x00000000eaa80000,0x00000000eda80000)
  from space 1536K, 99% used [0x00000000eda80000,0x00000000edbfcfd0,0x00000000edc00000)
  to   space 9216K, 0% used [0x00000000f1380000,0x00000000f1380000,0x00000000f1c80000)
 ParOldGen       total 30208K, used 18922K [0x00000000c0000000, 0x00000000c1d80000, 0x00000000eaa80000)
  object space 30208K, 62% used [0x00000000c0000000,0x00000000c127a888,0x00000000c1d80000)
 PSPermGen       total 21504K, used 6167K [0x00000000b5a00000, 0x00000000b6f00000, 0x00000000c0000000)
  object space 21504K, 28% used [0x00000000b5a00000,0x00000000b6005cb0,0x00000000b6f00000)
}
Event: 20.691 GC heap before
{Heap before GC invocations=6 (full 0):
 PSYoungGen      total 50688K, used 50675K [0x00000000eaa80000, 0x00000000f1c80000, 0x0000000100000000)
  eden space 49152K, 100% used [0x00000000eaa80000,0x00000000eda80000,0x00000000eda80000)
  from space 1536K, 99% used [0x00000000eda80000,0x00000000edbfcfd0,0x00000000edc00000)
  to   space 9216K, 0% used [0x00000000f1380000,0x00000000f1380000,0x00000000f1c80000)
 ParOldGen       total 30208K, used 18922K [0x00000000c0000000, 0x00000000c1d80000, 0x00000000eaa80000)
  object space 30208K, 62% used [0x00000000c0000000,0x00000000c127a888,0x00000000c1d80000)
 PSPermGen       total 21504K, used 6202K [0x00000000b5a00000, 0x00000000b6f00000, 0x00000000c0000000)
  object space 21504K, 28% used [0x00000000b5a00000,0x00000000b600e810,0x00000000b6f00000)
Event: 20.829 GC heap after
Heap after GC invocations=6 (full 0):
 PSYoungGen      total 105984K, used 8880K [0x00000000eaa80000, 0x00000000f1f80000, 0x0000000100000000)
  eden space 96768K, 0% used [0x00000000eaa80000,0x00000000eaa80000,0x00000000f0900000)
  from space 9216K, 96% used [0x00000000f1380000,0x00000000f1c2c170,0x00000000f1c80000)
  to   space 10752K, 0% used [0x00000000f0900000,0x00000000f0900000,0x00000000f1380000)
 ParOldGen       total 30208K, used 18922K [0x00000000c0000000, 0x00000000c1d80000, 0x00000000eaa80000)
  object space 30208K, 62% used [0x00000000c0000000,0x00000000c127a888,0x00000000c1d80000)
 PSPermGen       total 21504K, used 6202K [0x00000000b5a00000, 0x00000000b6f00000, 0x00000000c0000000)
  object space 21504K, 28% used [0x00000000b5a00000,0x00000000b600e810,0x00000000b6f00000)
}
Event: 29.920 GC heap before
{Heap before GC invocations=7 (full 0):
 PSYoungGen      total 105984K, used 105648K [0x00000000eaa80000, 0x00000000f1f80000, 0x0000000100000000)
  eden space 96768K, 100% used [0x00000000eaa80000,0x00000000f0900000,0x00000000f0900000)
  from space 9216K, 96% used [0x00000000f1380000,0x00000000f1c2c170,0x00000000f1c80000)
  to   space 10752K, 0% used [0x00000000f0900000,0x00000000f0900000,0x00000000f1380000)
 ParOldGen       total 30208K, used 18922K [0x00000000c0000000, 0x00000000c1d80000, 0x00000000eaa80000)
  object space 30208K, 62% used [0x00000000c0000000,0x00000000c127a888,0x00000000c1d80000)
 PSPermGen       total 21504K, used 6241K [0x00000000b5a00000, 0x00000000b6f00000, 0x00000000c0000000)
  object space 21504K, 29% used [0x00000000b5a00000,0x00000000b60186f0,0x00000000b6f00000)

